<?xml version="1.0" encoding="UTF-8"?>
<!-- Generated by org.testng.reporters.JUnitReportReporter -->
<testsuite hostname="5CG7084MGH840" name="com.testingfoo.restAssured.GetReqRes" tests="1" failures="0" timestamp="4 Jan 2019 10:00:33 GMT" time="4.240" errors="0">
  <testcase name="test" time="4.240" classname="com.testingfoo.restAssured.GetReqRes"/>
</testsuite> <!-- com.testingfoo.restAssured.GetReqRes -->
